functions/DivisionRule
functions/EmptyNumberRule
functions/ExpressionRule
functions/JokeRule
functions/MultiplicationRule
functions/NegativeRule
functions/NumberRule
functions/PowerRule
functions/RootRule
functions/SubtractionRule
functions/SumRule
functions/SumSubtractionRule
functions/VariableRule
ExpandRule1
ExpandRule2
ExpandRule5
ExponentRule1
ExponentRule2
ExponentRule3
ExponentRule4
ExponentRule8
ExponentRule9
ExponentRule15
ExponentRule16
ExponentRule17
FractionsRule1
FractionsRule2
FractionsRule3
FractionsRule4
FractionsRule5
FractionsRule6
FractionsRule7
FractionsRule8
FractionsRule9
FractionsRule10
FractionsRule11
FractionsRule12
FractionsRule14
NumberRule1
NumberRule2
NumberRule3
NumberRule4
NumberRule5
NumberRule7
UndefinedRule1
UndefinedRule2
VariableRule1
VariableRule2
VariableRule3